CRITICAL - 2023-11-28 09:11:25 --> strlen() expects exactly 1 argument, 0 given
in APPPATH\Controllers\Number.php on line 25.
 1 APPPATH\Controllers\Number.php(25): strlen()
 2 SYSTEMPATH\CodeIgniter.php(942): App\Controllers\Number->segitiga()
 3 SYSTEMPATH\CodeIgniter.php(502): CodeIgniter\CodeIgniter->runController(Object(App\Controllers\Number))
 4 SYSTEMPATH\CodeIgniter.php(361): CodeIgniter\CodeIgniter->handleRequest(null, Object(Config\Cache), false)
 5 FCPATH\index.php(85): CodeIgniter\CodeIgniter->run()
 6 SYSTEMPATH\Commands\Server\rewrite.php(47): require_once('E:\\asah\\php\\bckend\\public\\index.php')
CRITICAL - 2023-11-28 09:11:58 --> strlen() expects exactly 1 argument, 0 given
in APPPATH\Controllers\Number.php on line 25.
 1 APPPATH\Controllers\Number.php(25): strlen()
 2 SYSTEMPATH\CodeIgniter.php(942): App\Controllers\Number->segitiga()
 3 SYSTEMPATH\CodeIgniter.php(502): CodeIgniter\CodeIgniter->runController(Object(App\Controllers\Number))
 4 SYSTEMPATH\CodeIgniter.php(361): CodeIgniter\CodeIgniter->handleRequest(null, Object(Config\Cache), false)
 5 FCPATH\index.php(85): CodeIgniter\CodeIgniter->run()
 6 SYSTEMPATH\Commands\Server\rewrite.php(47): require_once('E:\\asah\\php\\bckend\\public\\index.php')
CRITICAL - 2023-11-28 09:12:39 --> strlen() expects exactly 1 argument, 0 given
in APPPATH\Controllers\Number.php on line 26.
 1 APPPATH\Controllers\Number.php(26): strlen()
 2 SYSTEMPATH\CodeIgniter.php(942): App\Controllers\Number->segitiga()
 3 SYSTEMPATH\CodeIgniter.php(502): CodeIgniter\CodeIgniter->runController(Object(App\Controllers\Number))
 4 SYSTEMPATH\CodeIgniter.php(361): CodeIgniter\CodeIgniter->handleRequest(null, Object(Config\Cache), false)
 5 FCPATH\index.php(85): CodeIgniter\CodeIgniter->run()
 6 SYSTEMPATH\Commands\Server\rewrite.php(47): require_once('E:\\asah\\php\\bckend\\public\\index.php')
CRITICAL - 2023-11-28 09:12:55 --> strlen() expects exactly 1 argument, 0 given
in APPPATH\Controllers\Number.php on line 26.
 1 APPPATH\Controllers\Number.php(26): strlen()
 2 SYSTEMPATH\CodeIgniter.php(942): App\Controllers\Number->segitiga()
 3 SYSTEMPATH\CodeIgniter.php(502): CodeIgniter\CodeIgniter->runController(Object(App\Controllers\Number))
 4 SYSTEMPATH\CodeIgniter.php(361): CodeIgniter\CodeIgniter->handleRequest(null, Object(Config\Cache), false)
 5 FCPATH\index.php(85): CodeIgniter\CodeIgniter->run()
 6 SYSTEMPATH\Commands\Server\rewrite.php(47): require_once('E:\\asah\\php\\bckend\\public\\index.php')
CRITICAL - 2023-11-28 09:13:35 --> strlen() expects exactly 1 argument, 0 given
in APPPATH\Controllers\Number.php on line 26.
 1 APPPATH\Controllers\Number.php(26): strlen()
 2 SYSTEMPATH\CodeIgniter.php(942): App\Controllers\Number->segitiga()
 3 SYSTEMPATH\CodeIgniter.php(502): CodeIgniter\CodeIgniter->runController(Object(App\Controllers\Number))
 4 SYSTEMPATH\CodeIgniter.php(361): CodeIgniter\CodeIgniter->handleRequest(null, Object(Config\Cache), false)
 5 FCPATH\index.php(85): CodeIgniter\CodeIgniter->run()
 6 SYSTEMPATH\Commands\Server\rewrite.php(47): require_once('E:\\asah\\php\\bckend\\public\\index.php')
CRITICAL - 2023-11-28 09:13:56 --> Call to undefined function App\Controllers\lenght()
in APPPATH\Controllers\Number.php on line 26.
 1 SYSTEMPATH\CodeIgniter.php(942): App\Controllers\Number->segitiga()
 2 SYSTEMPATH\CodeIgniter.php(502): CodeIgniter\CodeIgniter->runController(Object(App\Controllers\Number))
 3 SYSTEMPATH\CodeIgniter.php(361): CodeIgniter\CodeIgniter->handleRequest(null, Object(Config\Cache), false)
 4 FCPATH\index.php(85): CodeIgniter\CodeIgniter->run()
 5 SYSTEMPATH\Commands\Server\rewrite.php(47): require_once('E:\\asah\\php\\bckend\\public\\index.php')
CRITICAL - 2023-11-28 09:14:03 --> Call to undefined function App\Controllers\len()
in APPPATH\Controllers\Number.php on line 26.
 1 SYSTEMPATH\CodeIgniter.php(942): App\Controllers\Number->segitiga()
 2 SYSTEMPATH\CodeIgniter.php(502): CodeIgniter\CodeIgniter->runController(Object(App\Controllers\Number))
 3 SYSTEMPATH\CodeIgniter.php(361): CodeIgniter\CodeIgniter->handleRequest(null, Object(Config\Cache), false)
 4 FCPATH\index.php(85): CodeIgniter\CodeIgniter->run()
 5 SYSTEMPATH\Commands\Server\rewrite.php(47): require_once('E:\\asah\\php\\bckend\\public\\index.php')
CRITICAL - 2023-11-28 09:15:07 --> Call to undefined function App\Controllers\len()
in APPPATH\Controllers\Number.php on line 26.
 1 SYSTEMPATH\CodeIgniter.php(942): App\Controllers\Number->segitiga()
 2 SYSTEMPATH\CodeIgniter.php(502): CodeIgniter\CodeIgniter->runController(Object(App\Controllers\Number))
 3 SYSTEMPATH\CodeIgniter.php(361): CodeIgniter\CodeIgniter->handleRequest(null, Object(Config\Cache), false)
 4 FCPATH\index.php(85): CodeIgniter\CodeIgniter->run()
 5 SYSTEMPATH\Commands\Server\rewrite.php(47): require_once('E:\\asah\\php\\bckend\\public\\index.php')
CRITICAL - 2023-11-28 09:15:15 --> strlen() expects exactly 1 argument, 0 given
in APPPATH\Controllers\Number.php on line 26.
 1 APPPATH\Controllers\Number.php(26): strlen()
 2 SYSTEMPATH\CodeIgniter.php(942): App\Controllers\Number->segitiga()
 3 SYSTEMPATH\CodeIgniter.php(502): CodeIgniter\CodeIgniter->runController(Object(App\Controllers\Number))
 4 SYSTEMPATH\CodeIgniter.php(361): CodeIgniter\CodeIgniter->handleRequest(null, Object(Config\Cache), false)
 5 FCPATH\index.php(85): CodeIgniter\CodeIgniter->run()
 6 SYSTEMPATH\Commands\Server\rewrite.php(47): require_once('E:\\asah\\php\\bckend\\public\\index.php')
CRITICAL - 2023-11-28 09:17:25 --> Call to undefined function App\Controllers\substring()
in APPPATH\Controllers\Number.php on line 28.
 1 SYSTEMPATH\CodeIgniter.php(942): App\Controllers\Number->segitiga()
 2 SYSTEMPATH\CodeIgniter.php(502): CodeIgniter\CodeIgniter->runController(Object(App\Controllers\Number))
 3 SYSTEMPATH\CodeIgniter.php(361): CodeIgniter\CodeIgniter->handleRequest(null, Object(Config\Cache), false)
 4 FCPATH\index.php(85): CodeIgniter\CodeIgniter->run()
 5 SYSTEMPATH\Commands\Server\rewrite.php(47): require_once('E:\\asah\\php\\bckend\\public\\index.php')
CRITICAL - 2023-11-28 09:17:45 --> Call to undefined function App\Controllers\substring()
in APPPATH\Controllers\Number.php on line 28.
 1 SYSTEMPATH\CodeIgniter.php(942): App\Controllers\Number->segitiga()
 2 SYSTEMPATH\CodeIgniter.php(502): CodeIgniter\CodeIgniter->runController(Object(App\Controllers\Number))
 3 SYSTEMPATH\CodeIgniter.php(361): CodeIgniter\CodeIgniter->handleRequest(null, Object(Config\Cache), false)
 4 FCPATH\index.php(85): CodeIgniter\CodeIgniter->run()
 5 SYSTEMPATH\Commands\Server\rewrite.php(47): require_once('E:\\asah\\php\\bckend\\public\\index.php')
CRITICAL - 2023-11-28 09:20:16 --> Unsupported operand types: string + string
in APPPATH\Controllers\Number.php on line 28.
 1 SYSTEMPATH\CodeIgniter.php(942): App\Controllers\Number->segitiga()
 2 SYSTEMPATH\CodeIgniter.php(502): CodeIgniter\CodeIgniter->runController(Object(App\Controllers\Number))
 3 SYSTEMPATH\CodeIgniter.php(361): CodeIgniter\CodeIgniter->handleRequest(null, Object(Config\Cache), false)
 4 FCPATH\index.php(85): CodeIgniter\CodeIgniter->run()
 5 SYSTEMPATH\Commands\Server\rewrite.php(47): require_once('E:\\asah\\php\\bckend\\public\\index.php')
CRITICAL - 2023-11-28 09:24:47 --> Unsupported operand types: string + string
in APPPATH\Controllers\Number.php on line 30.
 1 SYSTEMPATH\CodeIgniter.php(942): App\Controllers\Number->segitiga()
 2 SYSTEMPATH\CodeIgniter.php(502): CodeIgniter\CodeIgniter->runController(Object(App\Controllers\Number))
 3 SYSTEMPATH\CodeIgniter.php(361): CodeIgniter\CodeIgniter->handleRequest(null, Object(Config\Cache), false)
 4 FCPATH\index.php(85): CodeIgniter\CodeIgniter->run()
 5 SYSTEMPATH\Commands\Server\rewrite.php(47): require_once('E:\\asah\\php\\bckend\\public\\index.php')
CRITICAL - 2023-11-28 09:26:28 --> strlen() expects exactly 1 argument, 0 given
in APPPATH\Controllers\Number.php on line 29.
 1 APPPATH\Controllers\Number.php(29): strlen()
 2 SYSTEMPATH\CodeIgniter.php(942): App\Controllers\Number->segitiga()
 3 SYSTEMPATH\CodeIgniter.php(502): CodeIgniter\CodeIgniter->runController(Object(App\Controllers\Number))
 4 SYSTEMPATH\CodeIgniter.php(361): CodeIgniter\CodeIgniter->handleRequest(null, Object(Config\Cache), false)
 5 FCPATH\index.php(85): CodeIgniter\CodeIgniter->run()
 6 SYSTEMPATH\Commands\Server\rewrite.php(47): require_once('E:\\asah\\php\\bckend\\public\\index.php')
CRITICAL - 2023-11-28 09:58:12 --> Call to undefined function App\Controllers\push()
in APPPATH\Controllers\Number.php on line 30.
 1 SYSTEMPATH\CodeIgniter.php(942): App\Controllers\Number->segitiga()
 2 SYSTEMPATH\CodeIgniter.php(502): CodeIgniter\CodeIgniter->runController(Object(App\Controllers\Number))
 3 SYSTEMPATH\CodeIgniter.php(361): CodeIgniter\CodeIgniter->handleRequest(null, Object(Config\Cache), false)
 4 FCPATH\index.php(85): CodeIgniter\CodeIgniter->run()
 5 SYSTEMPATH\Commands\Server\rewrite.php(47): require_once('E:\\asah\\php\\bckend\\public\\index.php')
CRITICAL - 2023-11-28 10:06:13 --> Unsupported operand types: int + string
in APPPATH\Controllers\Number.php on line 48.
 1 SYSTEMPATH\CodeIgniter.php(942): App\Controllers\Number->prima()
 2 SYSTEMPATH\CodeIgniter.php(502): CodeIgniter\CodeIgniter->runController(Object(App\Controllers\Number))
 3 SYSTEMPATH\CodeIgniter.php(361): CodeIgniter\CodeIgniter->handleRequest(null, Object(Config\Cache), false)
 4 FCPATH\index.php(85): CodeIgniter\CodeIgniter->run()
 5 SYSTEMPATH\Commands\Server\rewrite.php(47): require_once('E:\\asah\\php\\bckend\\public\\index.php')
CRITICAL - 2023-11-28 10:06:19 --> Unsupported operand types: int + string
in APPPATH\Controllers\Number.php on line 48.
 1 SYSTEMPATH\CodeIgniter.php(942): App\Controllers\Number->prima()
 2 SYSTEMPATH\CodeIgniter.php(502): CodeIgniter\CodeIgniter->runController(Object(App\Controllers\Number))
 3 SYSTEMPATH\CodeIgniter.php(361): CodeIgniter\CodeIgniter->handleRequest(null, Object(Config\Cache), false)
 4 FCPATH\index.php(85): CodeIgniter\CodeIgniter->run()
 5 SYSTEMPATH\Commands\Server\rewrite.php(47): require_once('E:\\asah\\php\\bckend\\public\\index.php')
CRITICAL - 2023-11-28 10:06:39 --> Unsupported operand types: int + string
in APPPATH\Controllers\Number.php on line 48.
 1 SYSTEMPATH\CodeIgniter.php(942): App\Controllers\Number->prima()
 2 SYSTEMPATH\CodeIgniter.php(502): CodeIgniter\CodeIgniter->runController(Object(App\Controllers\Number))
 3 SYSTEMPATH\CodeIgniter.php(361): CodeIgniter\CodeIgniter->handleRequest(null, Object(Config\Cache), false)
 4 FCPATH\index.php(85): CodeIgniter\CodeIgniter->run()
 5 SYSTEMPATH\Commands\Server\rewrite.php(47): require_once('E:\\asah\\php\\bckend\\public\\index.php')
CRITICAL - 2023-11-28 10:07:52 --> Unsupported operand types: int + string
in APPPATH\Controllers\Number.php on line 48.
 1 SYSTEMPATH\CodeIgniter.php(942): App\Controllers\Number->prima()
 2 SYSTEMPATH\CodeIgniter.php(502): CodeIgniter\CodeIgniter->runController(Object(App\Controllers\Number))
 3 SYSTEMPATH\CodeIgniter.php(361): CodeIgniter\CodeIgniter->handleRequest(null, Object(Config\Cache), false)
 4 FCPATH\index.php(85): CodeIgniter\CodeIgniter->run()
 5 SYSTEMPATH\Commands\Server\rewrite.php(47): require_once('E:\\asah\\php\\bckend\\public\\index.php')
CRITICAL - 2023-11-28 10:08:05 --> Unsupported operand types: int + string
in APPPATH\Controllers\Number.php on line 48.
 1 SYSTEMPATH\CodeIgniter.php(942): App\Controllers\Number->prima()
 2 SYSTEMPATH\CodeIgniter.php(502): CodeIgniter\CodeIgniter->runController(Object(App\Controllers\Number))
 3 SYSTEMPATH\CodeIgniter.php(361): CodeIgniter\CodeIgniter->handleRequest(null, Object(Config\Cache), false)
 4 FCPATH\index.php(85): CodeIgniter\CodeIgniter->run()
 5 SYSTEMPATH\Commands\Server\rewrite.php(47): require_once('E:\\asah\\php\\bckend\\public\\index.php')
CRITICAL - 2023-11-28 10:08:17 --> Unsupported operand types: int + string
in APPPATH\Controllers\Number.php on line 48.
 1 SYSTEMPATH\CodeIgniter.php(942): App\Controllers\Number->prima()
 2 SYSTEMPATH\CodeIgniter.php(502): CodeIgniter\CodeIgniter->runController(Object(App\Controllers\Number))
 3 SYSTEMPATH\CodeIgniter.php(361): CodeIgniter\CodeIgniter->handleRequest(null, Object(Config\Cache), false)
 4 FCPATH\index.php(85): CodeIgniter\CodeIgniter->run()
 5 SYSTEMPATH\Commands\Server\rewrite.php(47): require_once('E:\\asah\\php\\bckend\\public\\index.php')
